test_pairwise_features (test_features.FeatureTests) ... ok
test_unary_features (test_features.FeatureTests) ... ok
test_belief_convergence (test_beliefs.BeliefTests) ... ok
test_pairwise_beliefs (test_beliefs.BeliefTests) ... ok
test_inf (test_inference.InferenceTests) ... ok
test_local_score (test_inference.InferenceTests) ... FAIL
test_learning_obj (test_learning.LearningTests) ... 2018-04-01 20:21:34.741555: I tensorflow/core/platform/cpu_feature_guard.cc:137] Your CPU supports instructions that this TensorFlow binary was not compiled to use: SSE4.1 SSE4.2 AVX
FAIL
test_pairwise_potentials (test_potentials.PotentialTests) ... ok
test_unary_potentials (test_potentials.PotentialTests) ... ok

======================================================================
FAIL: test_local_score (test_inference.InferenceTests)
----------------------------------------------------------------------
Traceback (most recent call last):
  File "/home/cs446grader/autograder/mp7_programming/submissions/dyang42/tests_autograder/test_inference.py", line 124, in test_local_score
    self.assertEqual(result, 0)
AssertionError: 4.0 != 0

======================================================================
FAIL: test_learning_obj (test_learning.LearningTests)
----------------------------------------------------------------------
Traceback (most recent call last):
  File "/home/cs446grader/autograder/mp7_programming/submissions/dyang42/tests_autograder/test_learning.py", line 91, in test_learning_obj
    self.assertEqual(correct, result_val)
AssertionError: -4.0 != 8

----------------------------------------------------------------------
Ran 9 tests in 1.083s

FAILED (failures=2)
