test_backward_zero (test_model.ModelTests) ... ok
test_forward_shape (test_model.ModelTests) ... ok
test_forward_zero (test_model.ModelTests) ... ok
test_loss_no_reg_v1 (test_model.ModelTests) ... ok
test_loss_no_reg_v2 (test_model.ModelTests) ... ok
test_loss_reg (test_model.ModelTests) ... ok
test_qp_1d (test_qp.QpTests) ... FAIL
test_qp_2d (test_qp.QpTests) ... FAIL
test_qp_g_h_shape (test_qp.QpTests) ... ok
test_qp_p_q_shape (test_qp.QpTests) ... ok

======================================================================
FAIL: test_qp_1d (test_qp.QpTests)
----------------------------------------------------------------------
Traceback (most recent call last):
  File "/home/yeh17/svn_repo/autograder_new/mp4_programming/submissions/dyang42/tests_autograder/test_qp.py", line 35, in test_qp_1d
    np.testing.assert_allclose(w_opt, w_true, atol=1e-6)
  File "/home/yeh17/svn_repo/cs446_sp2018_mp4_env/lib/python3.4/site-packages/numpy/testing/nose_tools/utils.py", line 1396, in assert_allclose
    verbose=verbose, header=header, equal_nan=equal_nan)
  File "/home/yeh17/svn_repo/cs446_sp2018_mp4_env/lib/python3.4/site-packages/numpy/testing/nose_tools/utils.py", line 779, in assert_array_compare
    raise AssertionError(msg)
AssertionError: 
Not equal to tolerance rtol=1e-07, atol=1e-06

(mismatch 100.0%)
 x: array([0.833333, 0.166667])
 y: array([1., 0.])

======================================================================
FAIL: test_qp_2d (test_qp.QpTests)
----------------------------------------------------------------------
Traceback (most recent call last):
  File "/home/yeh17/svn_repo/autograder_new/mp4_programming/submissions/dyang42/tests_autograder/test_qp.py", line 55, in test_qp_2d
    np.testing.assert_allclose(w_opt, w_true, atol=1e-6)
  File "/home/yeh17/svn_repo/cs446_sp2018_mp4_env/lib/python3.4/site-packages/numpy/testing/nose_tools/utils.py", line 1396, in assert_allclose
    verbose=verbose, header=header, equal_nan=equal_nan)
  File "/home/yeh17/svn_repo/cs446_sp2018_mp4_env/lib/python3.4/site-packages/numpy/testing/nose_tools/utils.py", line 779, in assert_array_compare
    raise AssertionError(msg)
AssertionError: 
Not equal to tolerance rtol=1e-07, atol=1e-06

(mismatch 66.66666666666666%)
 x: array([ 6.243637e-05,  1.000000e+00, -6.243637e-05])
 y: array([0., 1., 0.])

----------------------------------------------------------------------
Ran 10 tests in 0.018s

FAILED (failures=2)
